<?xml version="1.0" encoding="UTF-8"?>
<robot generator="Robot 7.0.1 (Python 3.12.4 on darwin)" generated="2024-08-11T20:22:47.205144" rpa="false" schemaversion="5">
<suite id="s1" name="TestCases" source="/Users/srinathkanugovi/Downloads/Automation/RobotFramework/CarwaleProject/TestCases">
<suite id="s1-s1" name="FindNewCars" source="/Users/srinathkanugovi/Downloads/Automation/RobotFramework/CarwaleProject/TestCases/FindNewCars.robot">
<test id="s1-s1-t1" name="Find New Cars" line="12">
<kw name="launch browser" owner="commons">
<kw name="Open Browser" owner="SeleniumLibrary">
<msg time="2024-08-11T20:22:47.334118" level="INFO">Opening browser 'chrome' to base url 'https://www.carwale.com/'.</msg>
<arg>${url}</arg>
<arg>${browserName}</arg>
<doc>Opens a new browser instance to the optional ``url``.</doc>
<status status="PASS" start="2024-08-11T20:22:47.333993" elapsed="2.669986"/>
</kw>
<kw name="Log Title" owner="SeleniumLibrary">
<msg time="2024-08-11T20:22:50.010642" level="INFO">New Cars, Used Cars, Buy a Car, Sell Your Car - CarWale</msg>
<doc>Logs and returns the title of the current page.</doc>
<status status="PASS" start="2024-08-11T20:22:50.005499" elapsed="0.005301"/>
</kw>
<arg>${testsuiteurl}</arg>
<arg>chrome</arg>
<status status="PASS" start="2024-08-11T20:22:47.333550" elapsed="2.681541"/>
</kw>
<kw name="Visit New Cars Page" owner="homePage">
<kw name="Wait Until Element Is Visible" owner="SeleniumLibrary">
<arg>${newcar_xpath}</arg>
<doc>Waits until the element ``locator`` is visible.</doc>
<status status="PASS" start="2024-08-11T20:22:50.015737" elapsed="0.022274"/>
</kw>
<kw name="Mouse Over" owner="SeleniumLibrary">
<msg time="2024-08-11T20:22:50.038413" level="INFO">Simulating Mouse Over on element '//*[@id="root"]/div[1]/header/div/nav/ul/li[1]/div'.</msg>
<arg>${newcar_xpath}</arg>
<doc>Simulates hovering the mouse over the element ``locator``.</doc>
<status status="PASS" start="2024-08-11T20:22:50.038249" elapsed="0.293047"/>
</kw>
<kw name="Click Element" owner="SeleniumLibrary">
<msg time="2024-08-11T20:22:50.332052" level="INFO">Clicking element '//*[@id="root"]/div[1]/header/div/nav/ul/li[1]/div[2]/div[1]/ul/a[1]'.</msg>
<arg>${findnewcar_xpath}</arg>
<doc>Click the element identified by ``locator``.</doc>
<status status="PASS" start="2024-08-11T20:22:50.331878" elapsed="0.162632"/>
</kw>
<kw name="Wait Until Element Is Visible" owner="SeleniumLibrary">
<arg>${newcar_header_xpath}</arg>
<doc>Waits until the element ``locator`` is visible.</doc>
<status status="PASS" start="2024-08-11T20:22:50.494998" elapsed="0.252984"/>
</kw>
<kw name="Element Text Should Be" owner="SeleniumLibrary">
<msg time="2024-08-11T20:22:50.748398" level="INFO">Verifying element '//*[@id="root"]/div[2]/div/section[1]/header/h2' contains exact text 'All Brands'.</msg>
<arg>${newcar_header_xpath}</arg>
<arg>All Brands</arg>
<doc>Verifies that element ``locator`` contains exact the text ``expected``.</doc>
<status status="PASS" start="2024-08-11T20:22:50.748211" elapsed="0.013862"/>
</kw>
<status status="PASS" start="2024-08-11T20:22:50.015438" elapsed="0.747134"/>
</kw>
<kw name="Visit Hyundai" owner="newCarsPage">
<kw name="Wait Until Element Is Visible" owner="SeleniumLibrary">
<arg>${hyundai_xpath}</arg>
<doc>Waits until the element ``locator`` is visible.</doc>
<status status="PASS" start="2024-08-11T20:22:50.762895" elapsed="0.010579"/>
</kw>
<kw name="Click Element" owner="SeleniumLibrary">
<msg time="2024-08-11T20:22:50.773930" level="INFO">Clicking element '//img[@title='Hyundai cars']'.</msg>
<arg>${hyundai_xpath}</arg>
<doc>Click the element identified by ``locator``.</doc>
<status status="PASS" start="2024-08-11T20:22:50.773721" elapsed="0.050620"/>
</kw>
<status status="PASS" start="2024-08-11T20:22:50.762730" elapsed="0.062059"/>
</kw>
<kw name="Verify Cars heading" owner="carBase">
<kw name="Wait Until Element Is Visible" owner="SeleniumLibrary">
<arg>${carheading_xpath}</arg>
<doc>Waits until the element ``locator`` is visible.</doc>
<status status="PASS" start="2024-08-11T20:22:50.825084" elapsed="0.298505"/>
</kw>
<kw name="Element Text Should Be" owner="SeleniumLibrary">
<msg time="2024-08-11T20:22:51.123990" level="INFO">Verifying element '//*[@id="root"]/div[2]/div/div/div[2]/div/div/h1' contains exact text 'Hyundai Cars'.</msg>
<arg>${carheading_xpath}</arg>
<arg>${carheading}</arg>
<doc>Verifies that element ``locator`` contains exact the text ``expected``.</doc>
<status status="PASS" start="2024-08-11T20:22:51.123810" elapsed="0.008713"/>
</kw>
<arg>Hyundai Cars</arg>
<status status="PASS" start="2024-08-11T20:22:50.824934" elapsed="0.308071"/>
</kw>
<kw name="Sleep" owner="BuiltIn">
<msg time="2024-08-11T20:22:54.151058" level="INFO">Slept 3 seconds.</msg>
<arg>3s</arg>
<doc>Pauses the test executed for the given time.</doc>
<status status="PASS" start="2024-08-11T20:22:51.133157" elapsed="3.018308"/>
</kw>
<kw name=" Finish Test Case" owner="commons" type="TEARDOWN">
<kw name="Log" owner="BuiltIn">
<msg time="2024-08-11T20:22:54.157727" level="INFO">Ending the Test Case</msg>
<arg>Ending the Test Case</arg>
<doc>Logs the given message with the given level.</doc>
<status status="PASS" start="2024-08-11T20:22:54.157136" elapsed="0.000968"/>
</kw>
<kw name="Close Browser" owner="SeleniumLibrary">
<doc>Closes the current browser.</doc>
<status status="PASS" start="2024-08-11T20:22:54.159227" elapsed="0.131710"/>
</kw>
<status status="PASS" start="2024-08-11T20:22:54.154463" elapsed="0.136686"/>
</kw>
<status status="PASS" start="2024-08-11T20:22:47.333253" elapsed="6.958009"/>
</test>
<status status="PASS" start="2024-08-11T20:22:47.246871" elapsed="7.047285"/>
</suite>
<status status="PASS" start="2024-08-11T20:22:47.241678" elapsed="7.053897"/>
</suite>
<statistics>
<total>
<stat pass="1" fail="0" skip="0">All Tests</stat>
</total>
<tag>
</tag>
<suite>
<stat pass="1" fail="0" skip="0" id="s1" name="TestCases">TestCases</stat>
<stat pass="1" fail="0" skip="0" id="s1-s1" name="FindNewCars">TestCases.FindNewCars</stat>
</suite>
</statistics>
<errors>
</errors>
</robot>
