<?xml version="1.0" encoding="UTF-8"?>
<robot generator="Robot 7.0.1 (Python 3.12.4 on darwin)" generated="2024-08-11T20:32:27.088284" rpa="false" schemaversion="5">
<suite id="s1" name="TestCases" source="/Users/srinathkanugovi/Downloads/Automation/RobotFramework/CarwaleProject/TestCases">
<suite id="s1-s1" name="FindNewCars" source="/Users/srinathkanugovi/Downloads/Automation/RobotFramework/CarwaleProject/TestCases/FindNewCars.robot">
<test id="s1-s1-t1" name="Find New Cars" line="12">
<kw name="launch browser" owner="commons">
<kw name="Open Browser" owner="SeleniumLibrary">
<msg time="2024-08-11T20:32:27.227100" level="INFO">Opening browser 'chrome' to base url 'https://www.carwale.com/'.</msg>
<arg>${url}</arg>
<arg>${browserName}</arg>
<doc>Opens a new browser instance to the optional ``url``.</doc>
<status status="PASS" start="2024-08-11T20:32:27.226958" elapsed="2.552599"/>
</kw>
<kw name="Log Title" owner="SeleniumLibrary">
<msg time="2024-08-11T20:32:29.784874" level="INFO">New Cars, Used Cars, Buy a Car, Sell Your Car - CarWale</msg>
<doc>Logs and returns the title of the current page.</doc>
<status status="PASS" start="2024-08-11T20:32:29.779998" elapsed="0.004956"/>
</kw>
<arg>${testsuiteurl}</arg>
<arg>chrome</arg>
<status status="PASS" start="2024-08-11T20:32:27.226466" elapsed="2.558598"/>
</kw>
<kw name="Visit New Cars Page" owner="homePage">
<kw name="Wait Until Element Is Visible" owner="SeleniumLibrary">
<arg>${newcar_xpath}</arg>
<doc>Waits until the element ``locator`` is visible.</doc>
<status status="PASS" start="2024-08-11T20:32:29.785487" elapsed="0.024043"/>
</kw>
<kw name="Mouse Over" owner="SeleniumLibrary">
<msg time="2024-08-11T20:32:29.809805" level="INFO">Simulating Mouse Over on element '//*[@id="root"]/div[1]/header/div/nav/ul/li[1]/div'.</msg>
<arg>${newcar_xpath}</arg>
<doc>Simulates hovering the mouse over the element ``locator``.</doc>
<status status="PASS" start="2024-08-11T20:32:29.809662" elapsed="0.331091"/>
</kw>
<kw name="Click Element" owner="SeleniumLibrary">
<msg time="2024-08-11T20:32:30.141017" level="INFO">Clicking element '//*[@id="root"]/div[1]/header/div/nav/ul/li[1]/div[2]/div[1]/ul/a[1]'.</msg>
<arg>${findnewcar_xpath}</arg>
<doc>Click the element identified by ``locator``.</doc>
<status status="PASS" start="2024-08-11T20:32:30.140888" elapsed="0.073267"/>
</kw>
<kw name="Wait Until Element Is Visible" owner="SeleniumLibrary">
<arg>${newcar_header_xpath}</arg>
<doc>Waits until the element ``locator`` is visible.</doc>
<status status="PASS" start="2024-08-11T20:32:30.214288" elapsed="0.319807"/>
</kw>
<kw name="Element Text Should Be" owner="SeleniumLibrary">
<msg time="2024-08-11T20:32:30.534403" level="INFO">Verifying element '//*[@id="root"]/div[2]/div/section[1]/header/h2' contains exact text 'All Brands'.</msg>
<arg>${newcar_header_xpath}</arg>
<arg>All Brands</arg>
<doc>Verifies that element ``locator`` contains exact the text ``expected``.</doc>
<status status="PASS" start="2024-08-11T20:32:30.534238" elapsed="0.015228"/>
</kw>
<status status="PASS" start="2024-08-11T20:32:29.785266" elapsed="0.764285"/>
</kw>
<kw name="Visit Hyundai" owner="newCarsPage">
<kw name="Wait Until Element Is Visible" owner="SeleniumLibrary">
<arg>${hyundai_xpath}</arg>
<doc>Waits until the element ``locator`` is visible.</doc>
<status status="PASS" start="2024-08-11T20:32:30.549845" elapsed="0.009910"/>
</kw>
<kw name="Click Element" owner="SeleniumLibrary">
<msg time="2024-08-11T20:32:30.560028" level="INFO">Clicking element '//img[@title='Hyundai cars']'.</msg>
<arg>${hyundai_xpath}</arg>
<doc>Click the element identified by ``locator``.</doc>
<status status="PASS" start="2024-08-11T20:32:30.559883" elapsed="0.038946"/>
</kw>
<status status="PASS" start="2024-08-11T20:32:30.549676" elapsed="0.049229"/>
</kw>
<kw name="Verify Cars heading" owner="carBase">
<kw name="Wait Until Element Is Visible" owner="SeleniumLibrary">
<arg>${carheading_xpath}</arg>
<doc>Waits until the element ``locator`` is visible.</doc>
<status status="PASS" start="2024-08-11T20:32:30.599176" elapsed="0.283909"/>
</kw>
<kw name="Element Text Should Be" owner="SeleniumLibrary">
<msg time="2024-08-11T20:32:30.883383" level="INFO">Verifying element '//*[@id="root"]/div[2]/div/div/div[2]/div/div/h1' contains exact text 'Hyundai Cars'.</msg>
<arg>${carheading_xpath}</arg>
<arg>${carheading}</arg>
<doc>Verifies that element ``locator`` contains exact the text ``expected``.</doc>
<status status="PASS" start="2024-08-11T20:32:30.883218" elapsed="0.008854"/>
</kw>
<arg>Hyundai Cars</arg>
<status status="PASS" start="2024-08-11T20:32:30.599013" elapsed="0.293134"/>
</kw>
<kw name="Sleep" owner="BuiltIn">
<msg time="2024-08-11T20:32:33.893448" level="INFO">Slept 3 seconds.</msg>
<arg>3s</arg>
<doc>Pauses the test executed for the given time.</doc>
<status status="PASS" start="2024-08-11T20:32:30.892249" elapsed="3.001423"/>
</kw>
<kw name=" Finish Test Case" owner="commons" type="TEARDOWN">
<kw name="Log" owner="BuiltIn">
<msg time="2024-08-11T20:32:33.894949" level="INFO">Ending the Test Case</msg>
<arg>Ending the Test Case</arg>
<doc>Logs the given message with the given level.</doc>
<status status="PASS" start="2024-08-11T20:32:33.894779" elapsed="0.000236"/>
</kw>
<kw name="Close Browser" owner="SeleniumLibrary">
<doc>Closes the current browser.</doc>
<status status="PASS" start="2024-08-11T20:32:33.895175" elapsed="0.159826"/>
</kw>
<status status="PASS" start="2024-08-11T20:32:33.894262" elapsed="0.160855"/>
</kw>
<status status="PASS" start="2024-08-11T20:32:27.226032" elapsed="6.829128"/>
</test>
<status status="PASS" start="2024-08-11T20:32:27.105536" elapsed="6.950030"/>
</suite>
<status status="PASS" start="2024-08-11T20:32:27.089277" elapsed="6.966766"/>
</suite>
<statistics>
<total>
<stat pass="1" fail="0" skip="0">All Tests</stat>
</total>
<tag>
</tag>
<suite>
<stat pass="1" fail="0" skip="0" id="s1" name="TestCases">TestCases</stat>
<stat pass="1" fail="0" skip="0" id="s1-s1" name="FindNewCars">TestCases.FindNewCars</stat>
</suite>
</statistics>
<errors>
</errors>
</robot>
